<?xml version="1.0" encoding="UTF-8"?>
<!-- Generated by org.testng.reporters.JUnitReportReporter -->
<testsuite hostname="52e1eef1f241" name="se.uu.ub.cora.batchrunner.remove.RemoverBatchRunnerTest" tests="3" failures="0" timestamp="22 Feb 2018 06:22:04 GMT" time="0.054" errors="0">
  <testcase name="testMainMethodNoRecordsFound" time="0.001" classname="se.uu.ub.cora.batchrunner.remove.RemoverBatchRunnerTest"/>
  <testcase name="testConstructorIsPrivate" time="0.011" classname="se.uu.ub.cora.batchrunner.remove.RemoverBatchRunnerTest"/>
  <testcase name="testMainMethod" time="0.042" classname="se.uu.ub.cora.batchrunner.remove.RemoverBatchRunnerTest"/>
</testsuite> <!-- se.uu.ub.cora.batchrunner.remove.RemoverBatchRunnerTest -->
