<?xml version="1.0" encoding="UTF-8"?>
<!-- Generated by org.testng.reporters.JUnitReportReporter -->
<testsuite ignored="0" hostname="8829fc40ae0e" failures="0" tests="3" name="se.uu.ub.cora.batchrunner.remove.RemoverBatchRunnerTest" time="0.005" errors="0" timestamp="05 Nov 2018 12:29:09 GMT" skipped="0">
  <testcase classname="se.uu.ub.cora.batchrunner.remove.RemoverBatchRunnerTest" name="testConstructorIsPrivate" time="0.001"/>
  <testcase classname="se.uu.ub.cora.batchrunner.remove.RemoverBatchRunnerTest" name="testMainMethod" time="0.002"/>
  <testcase classname="se.uu.ub.cora.batchrunner.remove.RemoverBatchRunnerTest" name="testMainMethodNoRecordsFound" time="0.002"/>
</testsuite> <!-- se.uu.ub.cora.batchrunner.remove.RemoverBatchRunnerTest -->
