<?xml version="1.0" encoding="UTF-8"?>
<!-- Generated by org.testng.reporters.JUnitReportReporter -->
<testsuite hostname="1ac437b2d918" failures="0" tests="3" name="se.uu.ub.cora.batchrunner.remove.RemoverBatchRunnerTest" time="0.005" errors="0" timestamp="2 Oct 2018 19:12:37 GMT">
  <testcase classname="se.uu.ub.cora.batchrunner.remove.RemoverBatchRunnerTest" name="testMainMethodNoRecordsFound" time="0.001"/>
  <testcase classname="se.uu.ub.cora.batchrunner.remove.RemoverBatchRunnerTest" name="testMainMethod" time="0.002"/>
  <testcase classname="se.uu.ub.cora.batchrunner.remove.RemoverBatchRunnerTest" name="testConstructorIsPrivate" time="0.002"/>
</testsuite> <!-- se.uu.ub.cora.batchrunner.remove.RemoverBatchRunnerTest -->
