<?xml version="1.0" encoding="UTF-8"?>
<!-- Generated by org.testng.reporters.JUnitReportReporter -->
<testsuite hostname="c796b52b2506" failures="0" tests="3" name="se.uu.ub.cora.batchrunner.remove.RemoverBatchRunnerTest" time="0.003" errors="0" timestamp="30 Aug 2018 08:25:45 GMT">
  <testcase classname="se.uu.ub.cora.batchrunner.remove.RemoverBatchRunnerTest" name="testMainMethod" time="0.001"/>
  <testcase classname="se.uu.ub.cora.batchrunner.remove.RemoverBatchRunnerTest" name="testMainMethodNoRecordsFound" time="0.001"/>
  <testcase classname="se.uu.ub.cora.batchrunner.remove.RemoverBatchRunnerTest" name="testConstructorIsPrivate" time="0.001"/>
</testsuite> <!-- se.uu.ub.cora.batchrunner.remove.RemoverBatchRunnerTest -->
